[0106/103858.586:ERROR:process_memory_win.cc(73)] ReadMemory at 0x1ab10f43790 of 72 bytes failed: Only part of a ReadProcessMemory or WriteProcessMemory request was completed. (0x12B)
[0106/103858.943:WARNING:pe_image_annotations_reader.cc(134)] could not read annotations list object in C:\Program Files (x86)\Google\Chrome\Application\79.0.3945.88\chrome_elf.dll
[0106/103858.943:ERROR:process_memory_win.cc(73)] ReadMemory at 0x7ffe0ffa0000 of 64 bytes failed: Only part of a ReadProcessMemory or WriteProcessMemory request was completed. (0x12B)
[0106/103858.943:WARNING:pe_image_reader.cc(340)] could not read dos header from C:\WINDOWS\SYSTEM32\VERSION.dll
[0106/103858.943:ERROR:process_memory_win.cc(73)] ReadMemory at 0x7ffe254a0000 of 64 bytes failed: Only part of a ReadProcessMemory or WriteProcessMemory request was completed. (0x12B)
[0106/103859.077:WARNING:pe_image_reader.cc(340)] could not read dos header from C:\WINDOWS\System32\msvcrt.dll
[0106/103859.077:ERROR:process_memory_win.cc(73)] ReadMemory at 0x7ffe22510000 of 64 bytes failed: Only part of a ReadProcessMemory or WriteProcessMemory request was completed. (0x12B)
[0106/103859.077:WARNING:pe_image_reader.cc(340)] could not read dos header from C:\WINDOWS\System32\bcryptPrimitives.dll
[0106/103859.077:ERROR:process_memory_win.cc(73)] ReadMemory at 0x7ffe22b30000 of 64 bytes failed: Only part of a ReadProcessMemory or WriteProcessMemory request was completed. (0x12B)
[0106/103859.077:WARNING:pe_image_reader.cc(340)] could not read dos header from C:\WINDOWS\System32\ADVAPI32.dll
[0106/103859.077:ERROR:process_memory_win.cc(73)] ReadMemory at 0x7ffe23230000 of 64 bytes failed: Only part of a ReadProcessMemory or WriteProcessMemory request was completed. (0x12B)
[0106/103859.077:WARNING:pe_image_reader.cc(340)] could not read dos header from C:\WINDOWS\System32\sechost.dll
[0106/103859.077:ERROR:process_memory_win.cc(73)] ReadMemory at 0x7ffe25370000 of 64 bytes failed: Only part of a ReadProcessMemory or WriteProcessMemory request was completed. (0x12B)
[0106/103859.077:WARNING:pe_image_reader.cc(340)] could not read dos header from C:\WINDOWS\System32\RPCRT4.dll
[0106/103859.077:ERROR:process_memory_win.cc(73)] ReadMemory at 0x7ffde7440000 of 64 bytes failed: Only part of a ReadProcessMemory or WriteProcessMemory request was completed. (0x12B)
[0106/103859.078:WARNING:pe_image_reader.cc(340)] could not read dos header from C:\Program Files (x86)\Google\Chrome\Application\79.0.3945.88\chrome_child.dll
[0106/103859.078:ERROR:process_memory_win.cc(73)] ReadMemory at 0x7ffe25780000 of 64 bytes failed: Only part of a ReadProcessMemory or WriteProcessMemory request was completed. (0x12B)
[0106/103859.078:WARNING:pe_image_reader.cc(340)] could not read dos header from C:\WINDOWS\System32\OLEAUT32.dll
[0106/103859.078:ERROR:process_memory_win.cc(73)] ReadMemory at 0x7ffe226e0000 of 64 bytes failed: Only part of a ReadProcessMemory or WriteProcessMemory request was completed. (0x12B)
[0106/103859.078:WARNING:pe_image_reader.cc(340)] could not read dos header from C:\WINDOWS\System32\msvcp_win.dll
[0106/103859.078:ERROR:process_memory_win.cc(73)] ReadMemory at 0x7ffe22590000 of 64 bytes failed: Only part of a ReadProcessMemory or WriteProcessMemory request was completed. (0x12B)
[0106/103859.078:WARNING:pe_image_reader.cc(340)] could not read dos header from C:\WINDOWS\System32\ucrtbase.dll
[0106/103859.078:ERROR:process_memory_win.cc(73)] ReadMemory at 0x7ffe232d0000 of 64 bytes failed: Only part of a ReadProcessMemory or WriteProcessMemory request was completed. (0x12B)
[0106/103859.078:WARNING:pe_image_reader.cc(340)] could not read dos header from C:\WINDOWS\System32\combase.dll
[0106/103859.078:ERROR:process_memory_win.cc(73)] ReadMemory at 0x7ffe25090000 of 64 bytes failed: Only part of a ReadProcessMemory or WriteProcessMemory request was completed. (0x12B)
[0106/103859.078:WARNING:pe_image_reader.cc(340)] could not read dos header from C:\WINDOWS\System32\WS2_32.dll
[0106/103859.078:ERROR:process_memory_win.cc(73)] ReadMemory at 0x7ffe227a0000 of 64 bytes failed: Only part of a ReadProcessMemory or WriteProcessMemory request was completed. (0x12B)
[0106/103859.078:WARNING:pe_image_reader.cc(340)] could not read dos header from C:\WINDOWS\System32\WINTRUST.dll
[0106/103859.078:ERROR:process_memory_win.cc(73)] ReadMemory at 0x7ffe218d0000 of 64 bytes failed: Only part of a ReadProcessMemory or WriteProcessMemory request was completed. (0x12B)
[0106/103859.078:WARNING:pe_image_reader.cc(340)] could not read dos header from C:\WINDOWS\System32\MSASN1.dll
[0106/103859.078:ERROR:process_memory_win.cc(73)] ReadMemory at 0x7ffe220e0000 of 64 bytes failed: Only part of a ReadProcessMemory or WriteProcessMemory request was completed. (0x12B)
[0106/103859.078:WARNING:pe_image_reader.cc(340)] could not read dos header from C:\WINDOWS\System32\CRYPT32.dll
[0106/103859.078:ERROR:process_memory_win.cc(73)] ReadMemory at 0x7ffe20e00000 of 64 bytes failed: Only part of a ReadProcessMemory or WriteProcessMemory request was completed. (0x12B)
[0106/103859.078:WARNING:pe_image_reader.cc(340)] could not read dos header from C:\WINDOWS\SYSTEM32\IPHLPAPI.DLL
[0106/103859.079:ERROR:process_memory_win.cc(73)] ReadMemory at 0x7ffe1f370000 of 64 bytes failed: Only part of a ReadProcessMemory or WriteProcessMemory request was completed. (0x12B)
[0106/103859.079:WARNING:pe_image_reader.cc(340)] could not read dos header from C:\WINDOWS\SYSTEM32\WINMM.dll
[0106/103859.079:ERROR:process_memory_win.cc(73)] ReadMemory at 0x7ffe21770000 of 64 bytes failed: Only part of a ReadProcessMemory or WriteProcessMemory request was completed. (0x12B)
[0106/103859.079:WARNING:pe_image_reader.cc(340)] could not read dos header from C:\WINDOWS\SYSTEM32\USERENV.dll
[0106/103859.079:ERROR:process_memory_win.cc(73)] ReadMemory at 0x7ffe218f0000 of 64 bytes failed: Only part of a ReadProcessMemory or WriteProcessMemory request was completed. (0x12B)
[0106/103859.079:WARNING:pe_image_reader.cc(340)] could not read dos header from C:\WINDOWS\System32\profapi.dll
[0106/103859.079:ERROR:process_memory_win.cc(73)] ReadMemory at 0x7ffe112c0000 of 64 bytes failed: Only part of a ReadProcessMemory or WriteProcessMemory request was completed. (0x12B)
[0106/103859.079:WARNING:pe_image_reader.cc(340)] could not read dos header from C:\WINDOWS\SYSTEM32\DWrite.dll
[0106/103859.079:ERROR:process_memory_win.cc(73)] ReadMemory at 0x7ffe0fc60000 of 64 bytes failed: Only part of a ReadProcessMemory or WriteProcessMemory request was completed. (0x12B)
[0106/103859.079:WARNING:pe_image_reader.cc(340)] could not read dos header from C:\WINDOWS\SYSTEM32\WINSPOOL.DRV
[0106/103859.079:ERROR:process_memory_win.cc(73)] ReadMemory at 0x7ffe21920000 of 64 bytes failed: Only part of a ReadProcessMemory or WriteProcessMemory request was completed. (0x12B)
[0106/103859.079:WARNING:pe_image_reader.cc(340)] could not read dos header from C:\WINDOWS\System32\kernel.appcore.dll
[0106/103859.079:ERROR:process_memory_win.cc(73)] ReadMemory at 0x7ffe21940000 of 64 bytes failed: Only part of a ReadProcessMemory or WriteProcessMemory request was completed. (0x12B)
[0106/103859.079:WARNING:pe_image_reader.cc(340)] could not read dos header from C:\WINDOWS\System32\bcrypt.dll
[0106/103859.079:ERROR:process_memory_win.cc(73)] ReadMemory at 0x7ffe0d250000 of 64 bytes failed: Only part of a ReadProcessMemory or WriteProcessMemory request was completed. (0x12B)
[0106/103859.079:WARNING:pe_image_reader.cc(340)] could not read dos header from C:\WINDOWS\SYSTEM32\dbghelp.dll
[0106/103859.079:ERROR:process_memory_win.cc(73)] ReadMemory at 0x7ffe0e910000 of 64 bytes failed: Only part of a ReadProcessMemory or WriteProcessMemory request was completed. (0x12B)
[0106/103859.079:WARNING:pe_image_reader.cc(340)] could not read dos header from C:\WINDOWS\SYSTEM32\Secur32.dll
[0106/103859.079:ERROR:process_memory_win.cc(73)] ReadMemory at 0x7ffe138e0000 of 64 bytes failed: Only part of a ReadProcessMemory or WriteProcessMemory request was completed. (0x12B)
[0106/103859.079:WARNING:pe_image_reader.cc(340)] could not read dos header from C:\WINDOWS\SYSTEM32\WINHTTP.dll
[0106/103859.079:ERROR:process_memory_win.cc(73)] ReadMemory at 0x7ffe17330000 of 64 bytes failed: Only part of a ReadProcessMemory or WriteProcessMemory request was completed. (0x12B)
[0106/103859.080:WARNING:pe_image_reader.cc(340)] could not read dos header from C:\WINDOWS\SYSTEM32\dhcpcsvc.DLL
[0106/103859.080:ERROR:process_memory_win.cc(73)] ReadMemory at 0x7ffe23730000 of 64 bytes failed: Only part of a ReadProcessMemory or WriteProcessMemory request was completed. (0x12B)
[0106/103859.080:WARNING:pe_image_reader.cc(340)] could not read dos header from C:\WINDOWS\System32\NSI.dll
[0106/103859.080:ERROR:process_memory_win.cc(73)] ReadMemory at 0x7ffe1f2f0000 of 64 bytes failed: Only part of a ReadProcessMemory or WriteProcessMemory request was completed. (0x12B)
[0106/103859.080:WARNING:pe_image_reader.cc(340)] could not read dos header from C:\WINDOWS\SYSTEM32\WINMMBASE.dll
[0106/103859.080:ERROR:process_memory_win.cc(73)] ReadMemory at 0x7ffe22690000 of 64 bytes failed: Only part of a ReadProcessMemory or WriteProcessMemory request was completed. (0x12B)
[0106/103859.080:WARNING:pe_image_reader.cc(340)] could not read dos header from C:\WINDOWS\System32\cfgmgr32.dll
[0106/103859.080:ERROR:process_memory_win.cc(73)] ReadMemory at 0x7ffe1e250000 of 64 bytes failed: Only part of a ReadProcessMemory or WriteProcessMemory request was completed. (0x12B)
[0106/103859.080:WARNING:pe_image_reader.cc(340)] could not read dos header from C:\WINDOWS\SYSTEM32\PROPSYS.dll
[0106/103859.080:ERROR:process_memory_win.cc(73)] ReadMemory at 0x7ffe256d0000 of 64 bytes failed: Only part of a ReadProcessMemory or WriteProcessMemory request was completed. (0x12B)
[0106/103859.080:WARNING:pe_image_reader.cc(340)] could not read dos header from C:\WINDOWS\System32\shcore.dll
[0106/103859.080:ERROR:process_memory_win.cc(73)] ReadMemory at 0x7ffe217a0000 of 64 bytes failed: Only part of a ReadProcessMemory or WriteProcessMemory request was completed. (0x12B)
[0106/103859.080:WARNING:pe_image_reader.cc(340)] could not read dos header from C:\WINDOWS\SYSTEM32\SSPICLI.DLL
[0106/103859.080:ERROR:process_memory_win.cc(73)] ReadMemory at 0x7ffe212b0000 of 64 bytes failed: Only part of a ReadProcessMemory or WriteProcessMemory request was completed. (0x12B)
[0106/103859.080:WARNING:pe_image_reader.cc(340)] could not read dos header from C:\WINDOWS\SYSTEM32\CRYPTBASE.DLL
[0106/103859.080:ERROR:process_memory_win.cc(73)] ReadMemory at 0x7ff77c3a0000 of 64 bytes failed: Only part of a ReadProcessMemory or WriteProcessMemory request was completed. (0x12B)
[0106/103859.080:WARNING:pe_image_reader.cc(340)] could not read dos header from C:\Program Files (x86)\Google\Chrome\Application\chrome.exe
[0106/103859.080:ERROR:process_memory_win.cc(73)] ReadMemory at 0x7ffe25880000 of 64 bytes failed: Only part of a ReadProcessMemory or WriteProcessMemory request was completed. (0x12B)
[0106/103859.080:WARNING:pe_image_reader.cc(340)] could not read dos header from C:\WINDOWS\SYSTEM32\ntdll.dll
[0106/103859.081:ERROR:process_memory_win.cc(73)] ReadMemory at 0x7ffe24e60000 of 64 bytes failed: Only part of a ReadProcessMemory or WriteProcessMemory request was completed. (0x12B)
[0106/103859.081:WARNING:pe_image_reader.cc(340)] could not read dos header from C:\WINDOWS\System32\KERNEL32.DLL
[0106/103859.081:ERROR:process_memory_win.cc(73)] ReadMemory at 0x7ffe22800000 of 64 bytes failed: Only part of a ReadProcessMemory or WriteProcessMemory request was completed. (0x12B)
[0106/103859.081:WARNING:pe_image_reader.cc(340)] could not read dos header from C:\WINDOWS\System32\KERNELBASE.dll
[0106/103859.081:ERROR:process_memory_win.cc(73)] ReadMemory at 0x7ffe10700000 of 64 bytes failed: Only part of a ReadProcessMemory or WriteProcessMemory request was completed. (0x12B)
[0106/103859.081:WARNING:pe_image_reader.cc(340)] could not read dos header from C:\Program Files (x86)\Google\Chrome\Application\79.0.3945.88\chrome_elf.dll
[0106/103859.081:ERROR:process_memory_win.cc(73)] ReadMemory at 0x7ffe0ffa0000 of 64 bytes failed: Only part of a ReadProcessMemory or WriteProcessMemory request was completed. (0x12B)
[0106/103859.081:WARNING:pe_image_reader.cc(340)] could not read dos header from C:\WINDOWS\SYSTEM32\VERSION.dll
[0106/103859.081:ERROR:process_memory_win.cc(73)] ReadMemory at 0x7ffe254a0000 of 64 bytes failed: Only part of a ReadProcessMemory or WriteProcessMemory request was completed. (0x12B)
[0106/103859.081:WARNING:pe_image_reader.cc(340)] could not read dos header from C:\WINDOWS\System32\msvcrt.dll
[0106/103859.081:ERROR:process_memory_win.cc(73)] ReadMemory at 0x7ffe22510000 of 64 bytes failed: Only part of a ReadProcessMemory or WriteProcessMemory request was completed. (0x12B)
[0106/103859.081:WARNING:pe_image_reader.cc(340)] could not read dos header from C:\WINDOWS\System32\bcryptPrimitives.dll
[0106/103859.081:ERROR:process_memory_win.cc(73)] ReadMemory at 0x7ffe22b30000 of 64 bytes failed: Only part of a ReadProcessMemory or WriteProcessMemory request was completed. (0x12B)
[0106/103859.081:WARNING:pe_image_reader.cc(340)] could not read dos header from C:\WINDOWS\System32\ADVAPI32.dll
[0106/103859.081:ERROR:process_memory_win.cc(73)] ReadMemory at 0x7ffe23230000 of 64 bytes failed: Only part of a ReadProcessMemory or WriteProcessMemory request was completed. (0x12B)
[0106/103859.081:WARNING:pe_image_reader.cc(340)] could not read dos header from C:\WINDOWS\System32\sechost.dll
[0106/103859.081:ERROR:process_memory_win.cc(73)] ReadMemory at 0x7ffe25370000 of 64 bytes failed: Only part of a ReadProcessMemory or WriteProcessMemory request was completed. (0x12B)
[0106/103859.081:WARNING:pe_image_reader.cc(340)] could not read dos header from C:\WINDOWS\System32\RPCRT4.dll
[0106/103859.081:ERROR:process_memory_win.cc(73)] ReadMemory at 0x7ffde7440000 of 64 bytes failed: Only part of a ReadProcessMemory or WriteProcessMemory request was completed. (0x12B)
[0106/103859.081:WARNING:pe_image_reader.cc(340)] could not read dos header from C:\Program Files (x86)\Google\Chrome\Application\79.0.3945.88\chrome_child.dll
[0106/103859.082:ERROR:process_memory_win.cc(73)] ReadMemory at 0x7ffe25780000 of 64 bytes failed: Only part of a ReadProcessMemory or WriteProcessMemory request was completed. (0x12B)
[0106/103859.082:WARNING:pe_image_reader.cc(340)] could not read dos header from C:\WINDOWS\System32\OLEAUT32.dll
[0106/103859.082:ERROR:process_memory_win.cc(73)] ReadMemory at 0x7ffe226e0000 of 64 bytes failed: Only part of a ReadProcessMemory or WriteProcessMemory request was completed. (0x12B)
[0106/103859.082:WARNING:pe_image_reader.cc(340)] could not read dos header from C:\WINDOWS\System32\msvcp_win.dll
[0106/103859.082:ERROR:process_memory_win.cc(73)] ReadMemory at 0x7ffe22590000 of 64 bytes failed: Only part of a ReadProcessMemory or WriteProcessMemory request was completed. (0x12B)
[0106/103859.082:WARNING:pe_image_reader.cc(340)] could not read dos header from C:\WINDOWS\System32\ucrtbase.dll
[0106/103859.082:ERROR:process_memory_win.cc(73)] ReadMemory at 0x7ffe232d0000 of 64 bytes failed: Only part of a ReadProcessMemory or WriteProcessMemory request was completed. (0x12B)
[0106/103859.082:WARNING:pe_image_reader.cc(340)] could not read dos header from C:\WINDOWS\System32\combase.dll
[0106/103859.082:ERROR:process_memory_win.cc(73)] ReadMemory at 0x7ffe25090000 of 64 bytes failed: Only part of a ReadProcessMemory or WriteProcessMemory request was completed. (0x12B)
[0106/103859.082:WARNING:pe_image_reader.cc(340)] could not read dos header from C:\WINDOWS\System32\WS2_32.dll
[0106/103859.082:ERROR:process_memory_win.cc(73)] ReadMemory at 0x7ffe227a0000 of 64 bytes failed: Only part of a ReadProcessMemory or WriteProcessMemory request was completed. (0x12B)
[0106/103859.082:WARNING:pe_image_reader.cc(340)] could not read dos header from C:\WINDOWS\System32\WINTRUST.dll
[0106/103859.082:ERROR:process_memory_win.cc(73)] ReadMemory at 0x7ffe218d0000 of 64 bytes failed: Only part of a ReadProcessMemory or WriteProcessMemory request was completed. (0x12B)
[0106/103859.082:WARNING:pe_image_reader.cc(340)] could not read dos header from C:\WINDOWS\System32\MSASN1.dll
[0106/103859.082:ERROR:process_memory_win.cc(73)] ReadMemory at 0x7ffe220e0000 of 64 bytes failed: Only part of a ReadProcessMemory or WriteProcessMemory request was completed. (0x12B)
[0106/103859.181:WARNING:pe_image_reader.cc(340)] could not read dos header from C:\WINDOWS\System32\CRYPT32.dll
[0106/103859.181:ERROR:process_memory_win.cc(73)] ReadMemory at 0x7ffe20e00000 of 64 bytes failed: Only part of a ReadProcessMemory or WriteProcessMemory request was completed. (0x12B)
[0106/103859.181:WARNING:pe_image_reader.cc(340)] could not read dos header from C:\WINDOWS\SYSTEM32\IPHLPAPI.DLL
[0106/103859.181:ERROR:process_memory_win.cc(73)] ReadMemory at 0x7ffe1f370000 of 64 bytes failed: Only part of a ReadProcessMemory or WriteProcessMemory request was completed. (0x12B)
[0106/103859.181:WARNING:pe_image_reader.cc(340)] could not read dos header from C:\WINDOWS\SYSTEM32\WINMM.dll
[0106/103859.181:ERROR:process_memory_win.cc(73)] ReadMemory at 0x7ffe21770000 of 64 bytes failed: Only part of a ReadProcessMemory or WriteProcessMemory request was completed. (0x12B)
[0106/103859.181:WARNING:pe_image_reader.cc(340)] could not read dos header from C:\WINDOWS\SYSTEM32\USERENV.dll
[0106/103859.181:ERROR:process_memory_win.cc(73)] ReadMemory at 0x7ffe218f0000 of 64 bytes failed: Only part of a ReadProcessMemory or WriteProcessMemory request was completed. (0x12B)
[0106/103859.181:WARNING:pe_image_reader.cc(340)] could not read dos header from C:\WINDOWS\System32\profapi.dll
[0106/103859.181:ERROR:process_memory_win.cc(73)] ReadMemory at 0x7ffe112c0000 of 64 bytes failed: Only part of a ReadProcessMemory or WriteProcessMemory request was completed. (0x12B)
[0106/103859.181:WARNING:pe_image_reader.cc(340)] could not read dos header from C:\WINDOWS\SYSTEM32\DWrite.dll
[0106/103859.181:ERROR:process_memory_win.cc(73)] ReadMemory at 0x7ffe0fc60000 of 64 bytes failed: Only part of a ReadProcessMemory or WriteProcessMemory request was completed. (0x12B)
[0106/103859.181:WARNING:pe_image_reader.cc(340)] could not read dos header from C:\WINDOWS\SYSTEM32\WINSPOOL.DRV
[0106/103859.181:ERROR:process_memory_win.cc(73)] ReadMemory at 0x7ffe21920000 of 64 bytes failed: Only part of a ReadProcessMemory or WriteProcessMemory request was completed. (0x12B)
[0106/103859.181:WARNING:pe_image_reader.cc(340)] could not read dos header from C:\WINDOWS\System32\kernel.appcore.dll
[0106/103859.181:ERROR:process_memory_win.cc(73)] ReadMemory at 0x7ffe21940000 of 64 bytes failed: Only part of a ReadProcessMemory or WriteProcessMemory request was completed. (0x12B)
[0106/103859.181:WARNING:pe_image_reader.cc(340)] could not read dos header from C:\WINDOWS\System32\bcrypt.dll
[0106/103859.181:ERROR:process_memory_win.cc(73)] ReadMemory at 0x7ffe0d250000 of 64 bytes failed: Only part of a ReadProcessMemory or WriteProcessMemory request was completed. (0x12B)
[0106/103859.181:WARNING:pe_image_reader.cc(340)] could not read dos header from C:\WINDOWS\SYSTEM32\dbghelp.dll
[0106/103859.181:ERROR:process_memory_win.cc(73)] ReadMemory at 0x7ffe0e910000 of 64 bytes failed: Only part of a ReadProcessMemory or WriteProcessMemory request was completed. (0x12B)
[0106/103859.181:WARNING:pe_image_reader.cc(340)] could not read dos header from C:\WINDOWS\SYSTEM32\Secur32.dll
[0106/103859.181:ERROR:process_memory_win.cc(73)] ReadMemory at 0x7ffe138e0000 of 64 bytes failed: Only part of a ReadProcessMemory or WriteProcessMemory request was completed. (0x12B)
[0106/103859.181:WARNING:pe_image_reader.cc(340)] could not read dos header from C:\WINDOWS\SYSTEM32\WINHTTP.dll
[0106/103859.181:ERROR:process_memory_win.cc(73)] ReadMemory at 0x7ffe17330000 of 64 bytes failed: Only part of a ReadProcessMemory or WriteProcessMemory request was completed. (0x12B)
[0106/103859.182:WARNING:pe_image_reader.cc(340)] could not read dos header from C:\WINDOWS\SYSTEM32\dhcpcsvc.DLL
[0106/103859.182:ERROR:process_memory_win.cc(73)] ReadMemory at 0x7ffe23730000 of 64 bytes failed: Only part of a ReadProcessMemory or WriteProcessMemory request was completed. (0x12B)
[0106/103859.182:WARNING:pe_image_reader.cc(340)] could not read dos header from C:\WINDOWS\System32\NSI.dll
[0106/103859.182:ERROR:process_memory_win.cc(73)] ReadMemory at 0x7ffe1f2f0000 of 64 bytes failed: Only part of a ReadProcessMemory or WriteProcessMemory request was completed. (0x12B)
[0106/103859.182:WARNING:pe_image_reader.cc(340)] could not read dos header from C:\WINDOWS\SYSTEM32\WINMMBASE.dll
[0106/103859.182:ERROR:process_memory_win.cc(73)] ReadMemory at 0x7ffe22690000 of 64 bytes failed: Only part of a ReadProcessMemory or WriteProcessMemory request was completed. (0x12B)
[0106/103859.182:WARNING:pe_image_reader.cc(340)] could not read dos header from C:\WINDOWS\System32\cfgmgr32.dll
[0106/103859.182:ERROR:process_memory_win.cc(73)] ReadMemory at 0x7ffe1e250000 of 64 bytes failed: Only part of a ReadProcessMemory or WriteProcessMemory request was completed. (0x12B)
[0106/103859.182:WARNING:pe_image_reader.cc(340)] could not read dos header from C:\WINDOWS\SYSTEM32\PROPSYS.dll
[0106/103859.182:ERROR:process_memory_win.cc(73)] ReadMemory at 0x7ffe256d0000 of 64 bytes failed: Only part of a ReadProcessMemory or WriteProcessMemory request was completed. (0x12B)
[0106/103859.182:WARNING:pe_image_reader.cc(340)] could not read dos header from C:\WINDOWS\System32\shcore.dll
[0106/103859.182:ERROR:process_memory_win.cc(73)] ReadMemory at 0x7ffe217a0000 of 64 bytes failed: Only part of a ReadProcessMemory or WriteProcessMemory request was completed. (0x12B)
[0106/103859.182:WARNING:pe_image_reader.cc(340)] could not read dos header from C:\WINDOWS\SYSTEM32\SSPICLI.DLL
[0106/103859.182:ERROR:process_memory_win.cc(73)] ReadMemory at 0x7ffe212b0000 of 64 bytes failed: Only part of a ReadProcessMemory or WriteProcessMemory request was completed. (0x12B)
[0106/103859.182:WARNING:pe_image_reader.cc(340)] could not read dos header from C:\WINDOWS\SYSTEM32\CRYPTBASE.DLL
[0106/103859.491:ERROR:process_memory_win.cc(73)] ReadMemory at 0x29c7f1000 of 61440 bytes failed: Only part of a ReadProcessMemory or WriteProcessMemory request was completed. (0x12B)
[0106/103859.513:ERROR:process_memory_win.cc(73)] ReadMemory at 0x29cffd000 of 12288 bytes failed: Only part of a ReadProcessMemory or WriteProcessMemory request was completed. (0x12B)
[0106/103859.513:ERROR:process_memory_win.cc(73)] ReadMemory at 0x29dffd000 of 12288 bytes failed: Only part of a ReadProcessMemory or WriteProcessMemory request was completed. (0x12B)
[0106/103859.513:ERROR:process_memory_win.cc(73)] ReadMemory at 0x29e7fc000 of 16384 bytes failed: Only part of a ReadProcessMemory or WriteProcessMemory request was completed. (0x12B)
[0106/103859.514:ERROR:process_memory_win.cc(73)] ReadMemory at 0x29efff000 of 4096 bytes failed: Only part of a ReadProcessMemory or WriteProcessMemory request was completed. (0x12B)
[0106/103859.514:ERROR:process_memory_win.cc(73)] ReadMemory at 0x29f7fd000 of 12288 bytes failed: Only part of a ReadProcessMemory or WriteProcessMemory request was completed. (0x12B)
[0106/103859.514:ERROR:process_memory_win.cc(73)] ReadMemory at 0x29fffb000 of 20480 bytes failed: Only part of a ReadProcessMemory or WriteProcessMemory request was completed. (0x12B)
[0106/103859.514:ERROR:process_memory_win.cc(73)] ReadMemory at 0x2a07fd000 of 12288 bytes failed: Only part of a ReadProcessMemory or WriteProcessMemory request was completed. (0x12B)
[0106/103859.514:ERROR:process_memory_win.cc(73)] ReadMemory at 0x2a17fd000 of 12288 bytes failed: Only part of a ReadProcessMemory or WriteProcessMemory request was completed. (0x12B)
[0106/103859.515:ERROR:process_memory_win.cc(73)] ReadMemory at 0x2a1ffd000 of 12288 bytes failed: Only part of a ReadProcessMemory or WriteProcessMemory request was completed. (0x12B)
[0106/103859.515:ERROR:process_memory_win.cc(73)] ReadMemory at 0x2a27fd000 of 12288 bytes failed: Only part of a ReadProcessMemory or WriteProcessMemory request was completed. (0x12B)
[0106/103859.515:ERROR:process_memory_win.cc(73)] ReadMemory at 0x2a2ffa000 of 24576 bytes failed: Only part of a ReadProcessMemory or WriteProcessMemory request was completed. (0x12B)
[0106/103859.515:ERROR:process_memory_win.cc(73)] ReadMemory at 0x2a37fc000 of 16384 bytes failed: Only part of a ReadProcessMemory or WriteProcessMemory request was completed. (0x12B)
[0106/103859.515:ERROR:process_memory_win.cc(73)] ReadMemory at 0x29d7fe000 of 8192 bytes failed: Only part of a ReadProcessMemory or WriteProcessMemory request was completed. (0x12B)
[0106/103859.515:ERROR:process_memory_win.cc(73)] ReadMemory at 0x29bea6000 of 852 bytes failed: Only part of a ReadProcessMemory or WriteProcessMemory request was completed. (0x12B)
[0106/103859.516:ERROR:process_memory_win.cc(73)] ReadMemory at 0x29bea7000 of 6024 bytes failed: Only part of a ReadProcessMemory or WriteProcessMemory request was completed. (0x12B)
[0106/103859.516:ERROR:process_memory_win.cc(73)] ReadMemory at 0x29bea9000 of 6024 bytes failed: Only part of a ReadProcessMemory or WriteProcessMemory request was completed. (0x12B)
[0106/103859.516:ERROR:process_memory_win.cc(73)] ReadMemory at 0x29bead000 of 6024 bytes failed: Only part of a ReadProcessMemory or WriteProcessMemory request was completed. (0x12B)
[0106/103859.516:ERROR:process_memory_win.cc(73)] ReadMemory at 0x29beaf000 of 6024 bytes failed: Only part of a ReadProcessMemory or WriteProcessMemory request was completed. (0x12B)
[0106/103859.516:ERROR:process_memory_win.cc(73)] ReadMemory at 0x29beb1000 of 6024 bytes failed: Only part of a ReadProcessMemory or WriteProcessMemory request was completed. (0x12B)
[0106/103859.516:ERROR:process_memory_win.cc(73)] ReadMemory at 0x29beb3000 of 6024 bytes failed: Only part of a ReadProcessMemory or WriteProcessMemory request was completed. (0x12B)
[0106/103859.516:ERROR:process_memory_win.cc(73)] ReadMemory at 0x29beb5000 of 6024 bytes failed: Only part of a ReadProcessMemory or WriteProcessMemory request was completed. (0x12B)
[0106/103859.516:ERROR:process_memory_win.cc(73)] ReadMemory at 0x29beb7000 of 6024 bytes failed: Only part of a ReadProcessMemory or WriteProcessMemory request was completed. (0x12B)
[0106/103859.517:ERROR:process_memory_win.cc(73)] ReadMemory at 0x29bebb000 of 6024 bytes failed: Only part of a ReadProcessMemory or WriteProcessMemory request was completed. (0x12B)
[0106/103859.517:ERROR:process_memory_win.cc(73)] ReadMemory at 0x29bebd000 of 6024 bytes failed: Only part of a ReadProcessMemory or WriteProcessMemory request was completed. (0x12B)
[0106/103859.517:ERROR:process_memory_win.cc(73)] ReadMemory at 0x29bebf000 of 6024 bytes failed: Only part of a ReadProcessMemory or WriteProcessMemory request was completed. (0x12B)
[0106/103859.517:ERROR:process_memory_win.cc(73)] ReadMemory at 0x29bec1000 of 6024 bytes failed: Only part of a ReadProcessMemory or WriteProcessMemory request was completed. (0x12B)
[0106/103859.517:ERROR:process_memory_win.cc(73)] ReadMemory at 0x29bec3000 of 6024 bytes failed: Only part of a ReadProcessMemory or WriteProcessMemory request was completed. (0x12B)
[0106/103859.517:ERROR:process_memory_win.cc(73)] ReadMemory at 0x29bec5000 of 6024 bytes failed: Only part of a ReadProcessMemory or WriteProcessMemory request was completed. (0x12B)
[0106/103859.518:ERROR:process_memory_win.cc(73)] ReadMemory at 0x1ab10c60fe0 of 16534 bytes failed: Only part of a ReadProcessMemory or WriteProcessMemory request was completed. (0x12B)
[0106/103859.518:ERROR:process_memory_win.cc(73)] ReadMemory at 0x1ab10c65080 of 1012 bytes failed: Only part of a ReadProcessMemory or WriteProcessMemory request was completed. (0x12B)
[0106/103859.518:ERROR:process_memory_win.cc(73)] ReadMemory at 0x1ab10c656a8 of 118 bytes failed: Only part of a ReadProcessMemory or WriteProcessMemory request was completed. (0x12B)
[0106/103859.518:ERROR:process_memory_win.cc(73)] ReadMemory at 0x1ab10c65720 of 900 bytes failed: Only part of a ReadProcessMemory or WriteProcessMemory request was completed. (0x12B)
[0106/103859.518:ERROR:process_memory_win.cc(73)] ReadMemory at 0x1ab10c65aa6 of 118 bytes failed: Only part of a ReadProcessMemory or WriteProcessMemory request was completed. (0x12B)
[0106/103859.518:ERROR:process_memory_win.cc(73)] ReadMemory at 0x1ab10c65b1e of 100 bytes failed: Only part of a ReadProcessMemory or WriteProcessMemory request was completed. (0x12B)
[0106/103859.518:ERROR:process_memory_win.cc(73)] ReadMemory at 0x1ab10c65b90 of 58 bytes failed: Only part of a ReadProcessMemory or WriteProcessMemory request was completed. (0x12B)
[0106/103859.518:ERROR:process_memory_win.cc(73)] ReadMemory at 0x1ab10c65c90 of 132 bytes failed: Only part of a ReadProcessMemory or WriteProcessMemory request was completed. (0x12B)
[0106/103859.518:ERROR:process_memory_win.cc(73)] ReadMemory at 0x1ab10c65e20 of 132 bytes failed: Only part of a ReadProcessMemory or WriteProcessMemory request was completed. (0x12B)
[0106/103859.519:ERROR:process_memory_win.cc(73)] ReadMemory at 0x1ab10c65fe0 of 124 bytes failed: Only part of a ReadProcessMemory or WriteProcessMemory request was completed. (0x12B)
[0106/103859.519:ERROR:process_memory_win.cc(73)] ReadMemory at 0x1ab10c663c0 of 132 bytes failed: Only part of a ReadProcessMemory or WriteProcessMemory request was completed. (0x12B)
[0106/103859.519:ERROR:process_memory_win.cc(73)] ReadMemory at 0x1ab10c66550 of 64 bytes failed: Only part of a ReadProcessMemory or WriteProcessMemory request was completed. (0x12B)
[0106/103859.519:ERROR:process_memory_win.cc(73)] ReadMemory at 0x1ab10c665a0 of 132 bytes failed: Only part of a ReadProcessMemory or WriteProcessMemory request was completed. (0x12B)
[0106/103859.519:ERROR:process_memory_win.cc(73)] ReadMemory at 0x1ab10c66710 of 132 bytes failed: Only part of a ReadProcessMemory or WriteProcessMemory request was completed. (0x12B)
[0106/103859.519:ERROR:process_memory_win.cc(73)] ReadMemory at 0x1ab10c669b0 of 132 bytes failed: Only part of a ReadProcessMemory or WriteProcessMemory request was completed. (0x12B)
[0106/103859.519:ERROR:process_memory_win.cc(73)] ReadMemory at 0x1ab10c66b40 of 68 bytes failed: Only part of a ReadProcessMemory or WriteProcessMemory request was completed. (0x12B)
[0106/103859.519:ERROR:process_memory_win.cc(73)] ReadMemory at 0x1ab10c67a60 of 156 bytes failed: Only part of a ReadProcessMemory or WriteProcessMemory request was completed. (0x12B)
[0106/103859.519:ERROR:process_memory_win.cc(73)] ReadMemory at 0x1ab10c67b40 of 132 bytes failed: Only part of a ReadProcessMemory or WriteProcessMemory request was completed. (0x12B)
[0106/103859.520:ERROR:process_memory_win.cc(73)] ReadMemory at 0x1ab10c67cd0 of 152 bytes failed: Only part of a ReadProcessMemory or WriteProcessMemory request was completed. (0x12B)
[0106/103859.520:ERROR:process_memory_win.cc(73)] ReadMemory at 0x1ab10c68800 of 132 bytes failed: Only part of a ReadProcessMemory or WriteProcessMemory request was completed. (0x12B)
[0106/103859.520:ERROR:process_memory_win.cc(73)] ReadMemory at 0x1ab10c68930 of 132 bytes failed: Only part of a ReadProcessMemory or WriteProcessMemory request was completed. (0x12B)
[0106/103859.520:ERROR:process_memory_win.cc(73)] ReadMemory at 0x1ab10c69c10 of 62 bytes failed: Only part of a ReadProcessMemory or WriteProcessMemory request was completed. (0x12B)
[0106/103859.520:ERROR:process_memory_win.cc(73)] ReadMemory at 0x1ab10c69d70 of 132 bytes failed: Only part of a ReadProcessMemory or WriteProcessMemory request was completed. (0x12B)
[0106/103859.520:ERROR:process_memory_win.cc(73)] ReadMemory at 0x1ab10c69f00 of 60 bytes failed: Only part of a ReadProcessMemory or WriteProcessMemory request was completed. (0x12B)
[0106/103859.520:ERROR:process_memory_win.cc(73)] ReadMemory at 0x1ab10c6ade0 of 132 bytes failed: Only part of a ReadProcessMemory or WriteProcessMemory request was completed. (0x12B)
[0106/103859.520:ERROR:process_memory_win.cc(73)] ReadMemory at 0x1ab10c6d760 of 132 bytes failed: Only part of a ReadProcessMemory or WriteProcessMemory request was completed. (0x12B)
[0106/103859.520:ERROR:process_memory_win.cc(73)] ReadMemory at 0x1ab10c6d890 of 132 bytes failed: Only part of a ReadProcessMemory or WriteProcessMemory request was completed. (0x12B)
[0106/103859.520:ERROR:process_memory_win.cc(73)] ReadMemory at 0x1ab10c6da20 of 80 bytes failed: Only part of a ReadProcessMemory or WriteProcessMemory request was completed. (0x12B)
[0106/103859.580:ERROR:process_memory_win.cc(73)] ReadMemory at 0x1ab10c6dbc0 of 64 bytes failed: Only part of a ReadProcessMemory or WriteProcessMemory request was completed. (0x12B)
[0106/103859.581:ERROR:process_memory_win.cc(73)] ReadMemory at 0x1ab10c6dc10 of 64 bytes failed: Only part of a ReadProcessMemory or WriteProcessMemory request was completed. (0x12B)
[0106/103859.693:ERROR:process_memory_win.cc(73)] ReadMemory at 0x1ab10c6e020 of 64 bytes failed: Only part of a ReadProcessMemory or WriteProcessMemory request was completed. (0x12B)
[0106/103859.707:ERROR:process_memory_win.cc(73)] ReadMemory at 0x1ab10c6e070 of 66 bytes failed: Only part of a ReadProcessMemory or WriteProcessMemory request was completed. (0x12B)
[0106/103859.782:ERROR:process_memory_win.cc(73)] ReadMemory at 0x1ab10c6e110 of 62 bytes failed: Only part of a ReadProcessMemory or WriteProcessMemory request was completed. (0x12B)
[0106/103859.782:ERROR:process_memory_win.cc(73)] ReadMemory at 0x1ab10c6e1b0 of 64 bytes failed: Only part of a ReadProcessMemory or WriteProcessMemory request was completed. (0x12B)
[0106/103859.849:ERROR:process_memory_win.cc(73)] ReadMemory at 0x1ab10c6e200 of 62 bytes failed: Only part of a ReadProcessMemory or WriteProcessMemory request was completed. (0x12B)
[0106/103859.857:ERROR:process_memory_win.cc(73)] ReadMemory at 0x1ab10c6e250 of 60 bytes failed: Only part of a ReadProcessMemory or WriteProcessMemory request was completed. (0x12B)
[0106/103859.857:ERROR:process_memory_win.cc(73)] ReadMemory at 0x1ab10c6e2f0 of 60 bytes failed: Only part of a ReadProcessMemory or WriteProcessMemory request was completed. (0x12B)
[0106/103859.857:ERROR:process_memory_win.cc(73)] ReadMemory at 0x1ab10c6f6d0 of 76 bytes failed: Only part of a ReadProcessMemory or WriteProcessMemory request was completed. (0x12B)
[0106/103859.857:ERROR:process_memory_win.cc(73)] ReadMemory at 0x1ab10c6f970 of 58 bytes failed: Only part of a ReadProcessMemory or WriteProcessMemory request was completed. (0x12B)
[0106/103859.857:ERROR:process_memory_win.cc(73)] ReadMemory at 0x1ab10c6fab0 of 62 bytes failed: Only part of a ReadProcessMemory or WriteProcessMemory request was completed. (0x12B)
[0106/103859.857:ERROR:process_memory_win.cc(73)] ReadMemory at 0x1ab10c6fb50 of 62 bytes failed: Only part of a ReadProcessMemory or WriteProcessMemory request was completed. (0x12B)
[0106/103859.857:ERROR:process_memory_win.cc(73)] ReadMemory at 0x1ab10c6fba0 of 64 bytes failed: Only part of a ReadProcessMemory or WriteProcessMemory request was completed. (0x12B)
[0106/103859.858:ERROR:process_memory_win.cc(73)] ReadMemory at 0x1ab10c6fbf0 of 64 bytes failed: Only part of a ReadProcessMemory or WriteProcessMemory request was completed. (0x12B)
[0106/103859.858:ERROR:process_memory_win.cc(73)] ReadMemory at 0x1ab10c6fec0 of 60 bytes failed: Only part of a ReadProcessMemory or WriteProcessMemory request was completed. (0x12B)
[0106/103859.858:ERROR:process_memory_win.cc(73)] ReadMemory at 0x1ab10c6ff60 of 60 bytes failed: Only part of a ReadProcessMemory or WriteProcessMemory request was completed. (0x12B)
[0106/103859.858:ERROR:process_memory_win.cc(73)] ReadMemory at 0x1ab10c6ffb0 of 64 bytes failed: Only part of a ReadProcessMemory or WriteProcessMemory request was completed. (0x12B)
[0106/103859.858:ERROR:process_memory_win.cc(73)] ReadMemory at 0x1ab10c70000 of 62 bytes failed: Only part of a ReadProcessMemory or WriteProcessMemory request was completed. (0x12B)
[0106/103859.858:ERROR:process_memory_win.cc(73)] ReadMemory at 0x1ab10c700a0 of 62 bytes failed: Only part of a ReadProcessMemory or WriteProcessMemory request was completed. (0x12B)
[0106/103859.858:ERROR:process_memory_win.cc(73)] ReadMemory at 0x1ab10c700f0 of 64 bytes failed: Only part of a ReadProcessMemory or WriteProcessMemory request was completed. (0x12B)
[0106/103859.858:ERROR:process_memory_win.cc(73)] ReadMemory at 0x1ab10c70140 of 62 bytes failed: Only part of a ReadProcessMemory or WriteProcessMemory request was completed. (0x12B)
[0106/103859.858:ERROR:process_memory_win.cc(73)] ReadMemory at 0x1ab10c70190 of 60 bytes failed: Only part of a ReadProcessMemory or WriteProcessMemory request was completed. (0x12B)
[0106/103859.858:ERROR:process_memory_win.cc(73)] ReadMemory at 0x1ab10c701e0 of 60 bytes failed: Only part of a ReadProcessMemory or WriteProcessMemory request was completed. (0x12B)
[0106/103859.892:ERROR:process_memory_win.cc(73)] ReadMemory at 0x1ab10c70230 of 66 bytes failed: Only part of a ReadProcessMemory or WriteProcessMemory request was completed. (0x12B)
[0106/103859.892:ERROR:process_memory_win.cc(73)] ReadMemory at 0x1ab10c70460 of 62 bytes failed: Only part of a ReadProcessMemory or WriteProcessMemory request was completed. (0x12B)
[0106/103859.892:ERROR:process_memory_win.cc(73)] ReadMemory at 0x1ab10c705a0 of 62 bytes failed: Only part of a ReadProcessMemory or WriteProcessMemory request was completed. (0x12B)
[0106/103859.892:ERROR:process_memory_win.cc(73)] ReadMemory at 0x1ab10c70640 of 62 bytes failed: Only part of a ReadProcessMemory or WriteProcessMemory request was completed. (0x12B)
[0106/103859.892:ERROR:process_memory_win.cc(73)] ReadMemory at 0x1ab10c73a60 of 132 bytes failed: Only part of a ReadProcessMemory or WriteProcessMemory request was completed. (0x12B)
[0106/103859.892:ERROR:process_memory_win.cc(73)] ReadMemory at 0x1ab10c73b90 of 132 bytes failed: Only part of a ReadProcessMemory or WriteProcessMemory request was completed. (0x12B)
[0106/103859.893:ERROR:process_memory_win.cc(73)] ReadMemory at 0x1ab10c73cc0 of 132 bytes failed: Only part of a ReadProcessMemory or WriteProcessMemory request was completed. (0x12B)
[0106/103859.893:ERROR:process_memory_win.cc(73)] ReadMemory at 0x1ab10c73df0 of 132 bytes failed: Only part of a ReadProcessMemory or WriteProcessMemory request was completed. (0x12B)
[0106/103859.893:ERROR:process_memory_win.cc(73)] ReadMemory at 0x1ab10c73f20 of 132 bytes failed: Only part of a ReadProcessMemory or WriteProcessMemory request was completed. (0x12B)
[0106/103859.928:ERROR:process_memory_win.cc(73)] ReadMemory at 0x1ab10c74050 of 132 bytes failed: Only part of a ReadProcessMemory or WriteProcessMemory request was completed. (0x12B)
[0106/103859.928:ERROR:process_memory_win.cc(73)] ReadMemory at 0x1ab10c74180 of 132 bytes failed: Only part of a ReadProcessMemory or WriteProcessMemory request was completed. (0x12B)
[0106/103859.928:ERROR:process_memory_win.cc(73)] ReadMemory at 0x1ab10c743e0 of 132 bytes failed: Only part of a ReadProcessMemory or WriteProcessMemory request was completed. (0x12B)
[0106/103859.928:ERROR:process_memory_win.cc(73)] ReadMemory at 0x1ab10c74510 of 132 bytes failed: Only part of a ReadProcessMemory or WriteProcessMemory request was completed. (0x12B)
[0106/103859.928:ERROR:process_memory_win.cc(73)] ReadMemory at 0x1ab10c74640 of 132 bytes failed: Only part of a ReadProcessMemory or WriteProcessMemory request was completed. (0x12B)
[0106/103859.928:ERROR:process_memory_win.cc(73)] ReadMemory at 0x1ab10c74770 of 132 bytes failed: Only part of a ReadProcessMemory or WriteProcessMemory request was completed. (0x12B)
[0106/103859.928:ERROR:process_memory_win.cc(73)] ReadMemory at 0x1ab10c748a0 of 132 bytes failed: Only part of a ReadProcessMemory or WriteProcessMemory request was completed. (0x12B)
[0106/103859.956:ERROR:process_memory_win.cc(73)] ReadMemory at 0x1ab10c751f0 of 132 bytes failed: Only part of a ReadProcessMemory or WriteProcessMemory request was completed. (0x12B)
[0106/103859.956:ERROR:process_memory_win.cc(73)] ReadMemory at 0x1ab10c75320 of 132 bytes failed: Only part of a ReadProcessMemory or WriteProcessMemory request was completed. (0x12B)
[0106/103859.956:ERROR:process_memory_win.cc(73)] ReadMemory at 0x1ab10c75980 of 132 bytes failed: Only part of a ReadProcessMemory or WriteProcessMemory request was completed. (0x12B)
[0106/103859.957:ERROR:process_memory_win.cc(73)] ReadMemory at 0x1ab10c76290 of 132 bytes failed: Only part of a ReadProcessMemory or WriteProcessMemory request was completed. (0x12B)
[0106/103859.957:ERROR:process_memory_win.cc(73)] ReadMemory at 0x1ab10c79f90 of 54 bytes failed: Only part of a ReadProcessMemory or WriteProcessMemory request was completed. (0x12B)
[0106/103859.957:ERROR:process_memory_win.cc(73)] ReadMemory at 0x1ab10c7ba40 of 132 bytes failed: Only part of a ReadProcessMemory or WriteProcessMemory request was completed. (0x12B)
[0106/103859.957:ERROR:process_memory_win.cc(73)] ReadMemory at 0x1ab10c7bb70 of 132 bytes failed: Only part of a ReadProcessMemory or WriteProcessMemory request was completed. (0x12B)
[0106/103900.035:ERROR:process_memory_win.cc(73)] ReadMemory at 0x1ab10c7c4f0 of 132 bytes failed: Only part of a ReadProcessMemory or WriteProcessMemory request was completed. (0x12B)
[0106/103900.035:ERROR:process_memory_win.cc(73)] ReadMemory at 0x1ab10c7c620 of 132 bytes failed: Only part of a ReadProcessMemory or WriteProcessMemory request was completed. (0x12B)
[0106/103900.035:ERROR:process_memory_win.cc(73)] ReadMemory at 0x1ab10c7d0d0 of 132 bytes failed: Only part of a ReadProcessMemory or WriteProcessMemory request was completed. (0x12B)
[0106/103900.035:ERROR:process_memory_win.cc(73)] ReadMemory at 0x1ab10c7d200 of 132 bytes failed: Only part of a ReadProcessMemory or WriteProcessMemory request was completed. (0x12B)
[0106/103900.035:ERROR:process_memory_win.cc(73)] ReadMemory at 0x1ab10c7d330 of 132 bytes failed: Only part of a ReadProcessMemory or WriteProcessMemory request was completed. (0x12B)
[0106/103900.036:ERROR:process_memory_win.cc(73)] ReadMemory at 0x1ab10c7d590 of 132 bytes failed: Only part of a ReadProcessMemory or WriteProcessMemory request was completed. (0x12B)
[0106/103900.036:ERROR:process_memory_win.cc(73)] ReadMemory at 0x1ab10c7d6c0 of 132 bytes failed: Only part of a ReadProcessMemory or WriteProcessMemory request was completed. (0x12B)
[0106/103900.036:ERROR:process_memory_win.cc(73)] ReadMemory at 0x1ab10c92400 of 512 bytes failed: Only part of a ReadProcessMemory or WriteProcessMemory request was completed. (0x12B)
[0106/103900.036:ERROR:process_memory_win.cc(73)] ReadMemory at 0x1ab10c93370 of 512 bytes failed: Only part of a ReadProcessMemory or WriteProcessMemory request was completed. (0x12B)
[0106/103900.036:ERROR:process_memory_win.cc(73)] ReadMemory at 0x1ab10eb0c70 of 512 bytes failed: Only part of a ReadProcessMemory or WriteProcessMemory request was completed. (0x12B)
[0106/103900.036:ERROR:process_memory_win.cc(73)] ReadMemory at 0x1ab10eb1cc0 of 512 bytes failed: Only part of a ReadProcessMemory or WriteProcessMemory request was completed. (0x12B)
[0106/103900.036:ERROR:process_memory_win.cc(73)] ReadMemory at 0x1ab10f50000 of 384 bytes failed: Only part of a ReadProcessMemory or WriteProcessMemory request was completed. (0x12B)
[0106/103900.036:ERROR:process_memory_win.cc(73)] ReadMemory at 0x1ab10f7fd90 of 512 bytes failed: Only part of a ReadProcessMemory or WriteProcessMemory request was completed. (0x12B)
[0106/103900.037:ERROR:process_memory_win.cc(73)] ReadMemory at 0x1ab10f95310 of 512 bytes failed: Only part of a ReadProcessMemory or WriteProcessMemory request was completed. (0x12B)
[0106/103900.037:ERROR:process_memory_win.cc(73)] ReadMemory at 0x1ab10fb7c10 of 512 bytes failed: Only part of a ReadProcessMemory or WriteProcessMemory request was completed. (0x12B)
[0106/103900.037:ERROR:process_memory_win.cc(73)] ReadMemory at 0x1ab10fbf550 of 712 bytes failed: Only part of a ReadProcessMemory or WriteProcessMemory request was completed. (0x12B)
[0106/103900.037:ERROR:process_memory_win.cc(73)] ReadMemory at 0x1ab12ea60e0 of 512 bytes failed: Only part of a ReadProcessMemory or WriteProcessMemory request was completed. (0x12B)
[0106/103900.037:ERROR:process_memory_win.cc(73)] ReadMemory at 0x1ab12ecbe98 of 512 bytes failed: Only part of a ReadProcessMemory or WriteProcessMemory request was completed. (0x12B)
[0106/103900.037:ERROR:process_memory_win.cc(73)] ReadMemory at 0x1ab12ecc0d8 of 512 bytes failed: Only part of a ReadProcessMemory or WriteProcessMemory request was completed. (0x12B)
[0106/103900.037:ERROR:process_memory_win.cc(73)] ReadMemory at 0x1ab12ecc708 of 512 bytes failed: Only part of a ReadProcessMemory or WriteProcessMemory request was completed. (0x12B)
[0106/103900.037:ERROR:process_memory_win.cc(73)] ReadMemory at 0x1ab13036bc0 of 512 bytes failed: Only part of a ReadProcessMemory or WriteProcessMemory request was completed. (0x12B)
[0106/103900.038:ERROR:process_memory_win.cc(73)] ReadMemory at 0x1ab13d77350 of 512 bytes failed: Only part of a ReadProcessMemory or WriteProcessMemory request was completed. (0x12B)
[0106/103900.038:ERROR:process_memory_win.cc(73)] ReadMemory at 0x1ab13f88b80 of 512 bytes failed: Only part of a ReadProcessMemory or WriteProcessMemory request was completed. (0x12B)
[0106/103900.038:ERROR:process_memory_win.cc(73)] ReadMemory at 0x1ab15715238 of 512 bytes failed: Only part of a ReadProcessMemory or WriteProcessMemory request was completed. (0x12B)
[0106/103900.038:ERROR:process_memory_win.cc(73)] ReadMemory at 0x1ab16521188 of 512 bytes failed: Only part of a ReadProcessMemory or WriteProcessMemory request was completed. (0x12B)
[0106/103900.038:ERROR:process_memory_win.cc(73)] ReadMemory at 0x1d6b3db8ff80 of 512 bytes failed: Only part of a ReadProcessMemory or WriteProcessMemory request was completed. (0x12B)
[0106/103900.038:ERROR:process_memory_win.cc(73)] ReadMemory at 0x1d6b3db91378 of 936 bytes failed: Only part of a ReadProcessMemory or WriteProcessMemory request was completed. (0x12B)
[0106/103900.038:ERROR:process_memory_win.cc(73)] ReadMemory at 0x253ec87022d8 of 512 bytes failed: Only part of a ReadProcessMemory or WriteProcessMemory request was completed. (0x12B)
[0106/103900.038:ERROR:process_memory_win.cc(73)] ReadMemory at 0x74bfebac7f81 of 512 bytes failed: Only part of a ReadProcessMemory or WriteProcessMemory request was completed. (0x12B)
[0106/103900.038:ERROR:process_memory_win.cc(73)] ReadMemory at 0x7ffde7601f47 of 512 bytes failed: Only part of a ReadProcessMemory or WriteProcessMemory request was completed. (0x12B)
[0106/103900.039:ERROR:process_memory_win.cc(73)] ReadMemory at 0x7ffde8efeeac of 512 bytes failed: Only part of a ReadProcessMemory or WriteProcessMemory request was completed. (0x12B)
[0106/103900.039:ERROR:process_memory_win.cc(73)] ReadMemory at 0x7ffe10727bc3 of 512 bytes failed: Only part of a ReadProcessMemory or WriteProcessMemory request was completed. (0x12B)
[0106/103900.039:ERROR:process_memory_win.cc(73)] ReadMemory at 0x7ffe107283ba of 512 bytes failed: Only part of a ReadProcessMemory or WriteProcessMemory request was completed. (0x12B)
[0106/103900.039:ERROR:process_memory_win.cc(73)] ReadMemory at 0x7ffe258cff00 of 512 bytes failed: Only part of a ReadProcessMemory or WriteProcessMemory request was completed. (0x12B)
[0106/103900.039:ERROR:process_memory_win.cc(73)] ReadMemory at 0x7ffe2591f764 of 672 bytes failed: Only part of a ReadProcessMemory or WriteProcessMemory request was completed. (0x12B)
[0106/103900.039:ERROR:process_memory_win.cc(73)] ReadMemory at 0x7ffe25922ff4 of 608 bytes failed: Only part of a ReadProcessMemory or WriteProcessMemory request was completed. (0x12B)
[0106/103900.039:ERROR:process_memory_win.cc(73)] ReadMemory at 0x7ffe259ac0c8 of 18 bytes failed: Only part of a ReadProcessMemory or WriteProcessMemory request was completed. (0x12B)
[0106/103900.039:ERROR:process_memory_win.cc(73)] ReadMemory at 0x7ffe259df4f8 of 40 bytes failed: Only part of a ReadProcessMemory or WriteProcessMemory request was completed. (0x12B)
[0106/103900.039:ERROR:process_memory_win.cc(73)] ReadMemory at 0x7ffe259df978 of 48 bytes failed: Only part of a ReadProcessMemory or WriteProcessMemory request was completed. (0x12B)
[0106/103900.039:ERROR:process_memory_win.cc(73)] ReadMemory at 0x7ffe259e53a0 of 64 bytes failed: Only part of a ReadProcessMemory or WriteProcessMemory request was completed. (0x12B)
[0106/103900.506:ERROR:scoped_process_suspend.cc(40)] NtResumeProcess: An attempt was made to access an exiting process. (0xc000010a)
